[    0.000000] Initializing cgroup subsys cpuset
[    0.000000] Initializing cgroup subsys cpu
[    0.000000] Initializing cgroup subsys cpuacct
[    0.000000] Linux version 4.4.0-51-generic (buildd@lcy01-08) (gcc version 5.4.0 20160609 (Ubuntu 5.4.0-6ubuntu1~16.04.4) ) #72-Ubuntu SMP Thu Nov 24 18:29:54 UTC 2016 (Ubuntu 4.4.0-51.72-generic 4.4.30)
[    0.000000] Command line: BOOT_IMAGE=/boot/vmlinuz-4.4.0-51-generic root=UUID=7a54254a-400f-4b55-a7e5-3071931ae912 ro console=tty1 console=ttyS0
[    0.000000] KERNEL supported cpus:
[    0.000000]   Intel GenuineIntel
[    0.000000]   AMD AuthenticAMD
[    0.000000]   Centaur CentaurHauls
[    0.000000] x86/fpu: xstate_offset[2]:  576, xstate_sizes[2]:  256
[    0.000000] x86/fpu: Supporting XSAVE feature 0x01: 'x87 floating point registers'
[    0.000000] x86/fpu: Supporting XSAVE feature 0x02: 'SSE registers'
[    0.000000] x86/fpu: Supporting XSAVE feature 0x04: 'AVX registers'
[    0.000000] x86/fpu: Enabled xstate features 0x7, context size is 832 bytes, using 'standard' format.
[    0.000000] x86/fpu: Using 'lazy' FPU context switches.
[    0.000000] e820: BIOS-provided physical RAM map:
[    0.000000] BIOS-e820: [mem 0x0000000000000000-0x000000000009fbff] usable
[    0.000000] BIOS-e820: [mem 0x000000000009fc00-0x000000000009ffff] reserved
[    0.000000] BIOS-e820: [mem 0x00000000000f0000-0x00000000000fffff] reserved
[    0.000000] BIOS-e820: [mem 0x0000000000100000-0x000000003ffeffff] usable
[    0.000000] BIOS-e820: [mem 0x000000003fff0000-0x000000003fffffff] ACPI data
[    0.000000] BIOS-e820: [mem 0x00000000fffc0000-0x00000000ffffffff] reserved
[    0.000000] NX (Execute Disable) protection: active
[    0.000000] SMBIOS 2.5 present.
[    0.000000] Hypervisor detected: KVM
[    0.000000] e820: last_pfn = 0x3fff0 max_arch_pfn = 0x400000000
[    0.000000] MTRR: Disabled
[    0.000000] x86/PAT: MTRRs disabled, skipping PAT initialization too.
[    0.000000] x86/PAT: Configuration [0-7]: WB  WT  UC- UC  WB  WT  UC- UC  
[    0.000000] CPU MTRRs all blank - virtualized system.
[    0.000000] found SMP MP-table at [mem 0x0009fff0-0x0009ffff] mapped at [ffff88000009fff0]
[    0.000000] Scanning 1 areas for low memory corruption
[    0.000000] RAMDISK: [mem 0x367ee000-0x373eefff]
[    0.000000] ACPI: Early table checksum verification disabled
[    0.000000] ACPI: RSDP 0x00000000000E0000 000024 (v02 VBOX  )
[    0.000000] ACPI: XSDT 0x000000003FFF0030 00003C (v01 VBOX   VBOXXSDT 00000001 ASL  00000061)
[    0.000000] ACPI: FACP 0x000000003FFF00F0 0000F4 (v04 VBOX   VBOXFACP 00000001 ASL  00000061)
[    0.000000] ACPI: DSDT 0x000000003FFF0470 002118 (v01 VBOX   VBOXBIOS 00000002 INTL 20160108)
[    0.000000] ACPI: FACS 0x000000003FFF0200 000040
[    0.000000] ACPI: FACS 0x000000003FFF0200 000040
[    0.000000] ACPI: APIC 0x000000003FFF0240 00005C (v02 VBOX   VBOXAPIC 00000001 ASL  00000061)
[    0.000000] ACPI: SSDT 0x000000003FFF02A0 0001CC (v01 VBOX   VBOXCPUT 00000002 INTL 20160108)
[    0.000000] No NUMA configuration found
[    0.000000] Faking a node at [mem 0x0000000000000000-0x000000003ffeffff]
[    0.000000] NODE_DATA(0) allocated [mem 0x3ffeb000-0x3ffeffff]
[    0.000000] kvm-clock: Using msrs 4b564d01 and 4b564d00
[    0.000000] kvm-clock: cpu 0, msr 0:3ffe7001, primary cpu clock
[    0.000000] kvm-clock: using sched offset of 3634193192 cycles
[    0.000000] clocksource: kvm-clock: mask: 0xffffffffffffffff max_cycles: 0x1cd42e4dffb, max_idle_ns: 881590591483 ns
[    0.000000] Zone ranges:
[    0.000000]   DMA      [mem 0x0000000000001000-0x0000000000ffffff]
[    0.000000]   DMA32    [mem 0x0000000001000000-0x000000003ffeffff]
[    0.000000]   Normal   empty
[    0.000000]   Device   empty
[    0.000000] Movable zone start for each node
[    0.000000] Early memory node ranges
[    0.000000]   node   0: [mem 0x0000000000001000-0x000000000009efff]
[    0.000000]   node   0: [mem 0x0000000000100000-0x000000003ffeffff]
[    0.000000] Initmem setup node 0 [mem 0x0000000000001000-0x000000003ffeffff]
[    0.000000] ACPI: PM-Timer IO Port: 0x4008
[    0.000000] IOAPIC[0]: apic_id 2, version 17, address 0xfec00000, GSI 0-23
[    0.000000] ACPI: INT_SRC_OVR (bus 0 bus_irq 0 global_irq 2 dfl dfl)
[    0.000000] ACPI: INT_SRC_OVR us 0 bus_irq 9 global_irq 9 high level)
[    0.000000] Using ACPI (MADT) for SMP configuratio ioration
  0.0000 sboot: Allowing 2 CPUs, 0 hotplug CPUs
[    0.000000] PM: Registered nosave memory: [mem 0x00000000-0x00000fff]
[    0.000000] PM: Registered nosave memory: [mem 0x0009f000-0x0009ffff]
[    0.000000] PM: Registered nosave memory: [mem 0x000a0000-0x000effff]
[    0.000000] PM: Registered nosave memory: [mem 0x000f0000-0x000fffff]
[    0.000000] e820: [mem 0x40000000-0xfffbffff] available for PCI devices
[    0.000000] Booting paravirtualized kernel on KVM
[    0.000000] clocksource: refined-jiffies: mask: 0xffffffff max_cycles: 0xffffffff, max_idle_ns: 7645519600211568 ns
[    0.000000] setup_percpu: NR_CPUS:256 nr_cpumask_bits:256 nr_cpu_ids:2 nr_node_ids:1
[    0.000000] PERCPU: Embedded 33 pages/cpu @ffff88003fc00000 s98008 r8192 d28968 u1048576
[    0.000000] PV qspinlock hash table entries: 256 (order: 0, 4096 bytes)
[    0.000000] Built 1 zonelists in Node order, mobility grouping on.  Total pages: 257913
[    0.000000] Policy zone: DMA32
[    0.000000] Kernel command line: BOOT_IMAGE=/boot/vmlinuz-4.4.0-51-generic root=UUID=7a54254a-400f-4b55-a7e5-3071931ae912 ro console=tty1 console=ttyS0
[    0.000000] PID hash table entries: 4096 (order: 3, 32768 bytes)
[    0.000000] Memory: 1000340K/1048120K available (8426K kernel code, 1285K rwdata, 3956K rodata, 1480K init, 1292K bss, 47780K reserved, 0K cma-reserved)
[    0.000000] SLUB: HWalign=64, Order=0-3, MinObjects=0, CPUs=2, Nodes=1
[    0.000000] Hierarchical RCU implementation.
[    0.000000] 	Build-time adjustment of leaf fanout to 64.
[    0.000000] 	RCU restricting CPUs from NR_CPUS=256 to nr_cpu_ids=2.
[    0.000000] RCU: Adjusting geometry for rcu_fanout_leaf=64, nr_cpu_ids=2
[    0.000000] NR_IRQS:16640 nr_irqs:440 16
[    0.000000] Console: colour VGA+ 80x25
[    0.000000] console [tty1] enabled
[    0.000000] console [ttyS0] enabled
[    0.000000] tsc: Detected 2593.988 MHz processor
[    0.346966] Calibrating delay loop (skipped) preset value.. 5187.97 BogoMIPS (lpj=10375952)
[    0.348357] pid_max: default: 32768 minimum: 301
[    0.349097] ACPI: Core revision 20150930
[    0.350693] ACPI: 2 ACPI AML tables successfully acquired and loaded
[    0.351779] Security Framework initialized
[    0.357734] Yama: becoming mindful.
[    0.358389] AppArmor: AppArmor initialized
[    0.359152] Dentry cache hash table entries: 131072 (order: 8, 1048576 bytes)
[    0.360311] Inode-cache hash table entries: 65536 (order: 7, 524288 bytes)
[    0.361774] Mount-cache hash table entries: 2048 (order: 2, 16384 bytes)
[    0.362770] Mountpoint-cache hash table entries: 2048 (order: 2, 16384 bytes)
[    0.363924] Initializing cgroup subsys io
[    0.364608] Initializing cgroup subsys memory
[    0.365321] Initializing cgroup subsys devices
[    0.366042] Initializing cgroup subsys freezer
[    0.366786] Initializing cgroup subsys net_cls
[    0.367509] Initializing cgroup subsys perf_event
[    0.368256] Initializing cgroup subsys net_prio
[    0.368985] Initializing cgroup subsys hugetlb
[    0.369705] Initializing cgroup subsys pids
[    0.370485] CPU: Physical Processor ID: 0
[    0.371163] CPU: Processor Core ID: 0
[    0.372673] mce: CPU supports 0 MCE banks
[    0.373364] Last level iTLB entries: 4KB 1024, 2MB 1024, 4MB 1024
[    0.374271] Last level dTLB entries: 4KB 1024, 2MB 1024, 4MB 1024, 1GB 4
[    0.376963] Freeing SMP alternatives memory: 32K (ffffffff820b5000 - ffffffff820bd000)
[    0.385670] ftrace: allocating 32053 entries in 126 pages
[    0.421373] smpboot: Max logical packages: 1
[    0.498526] smpboot: APIC(0) Converting physical 0 to logical package 0
[    0.567501] ..TIMER: vector=0x30 apic1=0 pin1=2 apic2=-1 pin2=-1
[    0.674744] smpboot: CPU0: Intel(R) Core(TM) i7-4510U CPU @ 2.00GHz (family: 0x6, model: 0x45, stepping: 0x1)
[    0.716769] Performance Events: unsupported p6 CPU model 69 no PMU driver, software events only.
[    0.718306] KVM setup paravirtual spinlock
[    0.719684] x86: Booting SMP configuration:
[    0.720389] .... node  #0, CPUs:      #1
[    0.721159] kvm-clock: cpu 1, msr 0:3ffe7041, secondary cpu clock
[    0.722866] mce: CPU supports 0 MCE banks
[    0.725355] x86: Booted up 1 node, 2 CPUs
[    0.730015] smpboot: Total of 2 processors activated (10375.95 BogoMIPS)
[    0.731388] devtmpfs: initialized
[    0.733338] evm: security.selinux
[    0.733942] evm: security.SMACK64
[    0.734564] evm: security.SMACK64EXEC
[    0.735203] evm: security.SMACK64TRANSMUTE
[    0.735906] evm: security.SMACK64MMAP
[    0.736541] evm: security.ima
[    0.737102] evm: security.capability
[    0.737920] clocksource: jiffies: mask: 0xffffffff max_cycles: 0xffffffff, max_idle_ns: 7645041785100000 ns
[    0.759742] pinctrl core: initialized pinctrl subsystem
[    0.762169] RTC time:  2:03:16, date: 12/04/16
[    0.764700] NET: Registered protocol family 16
[    0.774617] cpuidle: using governor ladder
[    0.786856] cpuidle: using governor menu
[    0.790433] PCCT header not found.
[    0.791215] ACPI: bus type PCI registered
[    0.791994] acpiphp: ACPI Hot Plug PCI Controller Driver version: 0.5
[    0.793166] PCI: Using configuration type 1 for base access
[    0.808307] ACPI: Added _OSI(Module Device)
[    0.810204] ACPI: Added _OSI(Processor Device)
[    0.811019] ACPI: Added _OSI(3.0 _SCP Extensions)
[    0.811859] ACPI: Added _OSI(Processor Aggregator Device)
[    0.813422] ACPI: Executed 1 blocks of module-level executable AML code
[    0.816338] ACPI: Interpreter enabled
[    0.818094] ACPI: (supports S0 S5)
[    0.818759] ACPI: Using IOAPIC for interrupt routing
[    0.819692] PCI: Using host bridge windows from ACPI; if necessary, use "pci=nocrs" and report a bug
[    0.823979] ACPI: PCI Root Bridge [PCI0] (domain 0000 [bus 00-ff])
[    0.826146] acpi PNP0A03:00: _OSC: OS supports [ASPM ClockPM Segments MSI]
[    0.827221] acpi PNP0A03:00: _OSC failed (AE_NOT_FOUND); disabling ASPM
[    0.828221] acpi PNP0A03:00: fail to add MMCONFIG information, can't access extended PCI configuration space under this bridge.
[    0.830191] PCI host bridge to bus 0000:00
[    0.831994] pci_bus 0000:00: root bus resource [io  0x0000-0x0cf7 window]
[    0.833013] pci_bus 0000:00: root bus resource [io  0x0d00-0xffff window]
[    0.834067] pci_bus 0000:00: root bus resource [mem 0x000a0000-0x000bffff window]
[    0.835364] pci_bus 0000:00: root bus resource [mem 0x40000000-0xffdfffff window]
[    0.836641] pci_bus 0000:00: root bus resource [bus 00-ff]
[    0.838663] pci 0000:00:01.1: legacy IDE quirk: reg 0x10: [io  0x01f0-0x01f7]
[    0.842332] pci 0000:00:01.1: legacy IDE quirk: reg 0x14: [io  0x03f6]
[    0.843363] pci 0000:00:01.1: legacy IDE quirk: reg 0x18: [io  0x0170-0x0177]
[    0.844419] pci 0000:00:01.1: legacy IDE quirk: reg 0x1c: [io  0x0376]
[    0.871276] ACPI: PCI Interrupt Link [LNKA] (IRQs 5 9 10 11) *0, disabled.
[    0.878215] ACPI: PCI Interrupt Link [LNKB] (IRQs 5 9 10 *11)
[    0.879554] ACPI: PCI Interrupt Link [LNKC] (IRQs 5 9 *10 11)
[    0.880961] ACPI: PCI Interrupt Link [LNKD] (IRQs 5 *9 10 11)
[    0.882451] ACPI: Enabled 2 GPEs in block 00 to 07
[    0.883787] vgaarb: setting as boot device: PCI:0000:00:02.0
[    0.884664] vgaarb: device added: PCI:0000:00:02.0,decodes=io+mem,owns=io+mem,locks=none
[    0.886066] vgaarb: loaded
[    0.895603] vgaarb: bridge control possible 0000:00:02.0
[    0.896678] SCSI subsystem initialized
[    0.897524] ACPI: bus type USB registered
[    0.898258] usbcore: registered new interface driver usbfs
[    0.899178] usbcore: registered new interface driver hub
[    0.900056] usbcore: registered new device driver usb
[    0.901265] PCI: Using ACPI for IRQ routing
[    0.902227] NetLabel: Initializing
[    0.903944] NetLabel:  domain hash size = 128
[    0.904678] NetLabel:  protocols = UNLABELED CIPSOv4
[    0.906600] NetLabel:  unlabeled traffic allowed by default
[    0.907627] amd_nb: Cannot enumerate AMD northbridges
[    0.908493] clocksource: Switched to clocksource kvm-clock
[    0.915423] AppArmor: AppArmor Filesystem Enabled
[    0.921561] pnp: PnP ACPI init
[    0.922745] pnp: PnP ACPI: found 3 devices
[   0.938483] clocksource: acpi_pm: mask: 0xffffff max_cycles: 0xffffff, max_idle_ns: 2085701024 ns
[   0.962277] NET: Registered protocol family 2

[    0.985405] TCP established hash table entries: 8192 (order: 4, 65536 bytes)
[    0.986598] TCP bind hash table entries: 8192 (order: 5, 131072 bytes)
[    0.987710] TCP: Hash tables configured (established 8192 bind 8192)
[    0.988839] UDP hash table entries: 512 (order: 2, 16384 bytes)
[    0.989761] UDP-Lite hash table entries: 512 (order: 2, 16384 bytes)
[    0.990750] NET: Registered protocol family 1
[    0.991482] pci 0000:00:00.0: Limiting direct PCI/PCI transfers
[    0.992392] pci 0000:00:01.0: Activating ISA DMA hang workarounds
[    0.993418] Trying to unpack rootfs image as initramfs...
[    1.155953] Freeing initrd memory: 12292K (ffff8800367ee000 - ffff8800373ef000)
[    1.226944] RAPL PMU detected, API unit is 2^-32 Joules, 4 fixed counters 10737418240 ms ovfl timer
[    1.228379] hw unit of domain pp0-core 2^-0 Joules
[    1.229179] hw unit of domain package 2^-0 Joules
[    1.229943] hw unit of domain dram 2^-0 Joules
[    1.230679] hw unit of domain pp1-gpu 2^-0 Joules
[    1.231518] platform rtc_cmos: registered platform RTC device (no PNP device found)
[    1.232834] Scanning for low memory corruption every 60 seconds
[    1.234167] futex hash table entries: 512 (order: 3, 32768 bytes)
[    1.235110] audit: initializing netlink subsys (disabled)
[    1.235961] audit: type=2000 audit(1480817001.029:1): initialized
[    1.237125] Initialise system trusted keyring
[    1.238157] HugeTLB registered 2 MB page size, pre-allocated 0 pages
[    1.245003] zbud: loaded
[    1.245863] VFS: Disk quotas dquot_6.6.0
[    1.246592] VFS: Dquot-cache hash table entries: 512 (order 0, 4096 bytes)
[    1.247814] squashfs: version 4.0 (2009/01/31) Phillip Lougher
[    1.249028] fuse init (API version 7.23)
[    1.249843] Key type big_key registered
[    1.250547] Allocating IMA MOK and blacklist keyrings.
[    1.252305] Key type asymmetric registered
[    1.253046] Asymmetric key parser 'x509' registered
[    1.253863] Block layer SCSI generic (bsg) driver version 0.4 loaded (major 249)
[    1.255194] io scheduler noop registered
[    1.255876] io scheduler deadline registered (default)
[    1.256713] io scheduler cfq registered
[    1.257500] pci_hotplug: PCI Hot Plug PCI Core version: 0.5
[    1.258372] pciehp: PCI Express Hot Plug Controller Driver version: 0.4
[    1.259444] ACPI: AC Adapter [AC] (on-line)
[    1.260204] input: Power Button as /devices/LNXSYSTM:00/LNXPWRBN:00/input/input0
[    1.261491] ACPI: Power Button [PWRF]
[    1.262201] input: Sleep Button as /devices/LNXSYSTM:00/LNXSLPBN:00/input/input1
[    1.263453] ACPI: Sleep Button [SLPF]
[    1.264268] GHES: HEST is not enabled!
[    1.265058] Serial: 8250/16550 driver, 32 ports, IRQ sharing enabled
[    1.265113] ACPI: Battery Slot [BAT0] (battery present)
[    1.369983] 00:02: ttyS0 at I/O 0x3f8 (irq = 4, base_baud = 115200) is a 16550A
[    1.387922] Linux agpgart interface v0.103
[    1.391363] brd: module loaded
[    1.393201] loop: module loaded
[    1.394376] scsi host0: ata_piix
[    1.395155] scsi host1: ata_piix
[    1.395793] ata1: PATA max UDMA/33 cmd 0x1f0 ctl 0x3f6 bmdma 0xd000 irq 14
[    1.396790] ata2: PATA max UDMA/33 cmd 0x170 ctl 0x376 bmdma 0xd008 irq 15
[    1.398284] libphy: Fixed MDIO Bus: probed
[    1.398983] tun: Universal TUN/TAP device driver, 1.6
[    1.399775] tun: (C) 1999-2004 Max Krasnyansky <maxk@qualcomm.com>
[    1.400724] PPP generic driver version 2.4.2
[    1.401545] ehci_hcd: USB 2.0 'Enhanced' Host Controller (EHCI) Driver
[    1.402522] ehci-pci: EHCI PCI platform driver
[    1.406265] ehci-platform: EHCI generic platform driver
[    1.407094] ohci_hcd: USB 1.1 'Open' Host Controller (OHCI) Driver
[    1.408017] ohci-pci: OHCI PCI platform driver
[    1.408760] ohci-platform: OHCI generic platform driver
[    1.409615] uhci_hcd: USB Universal Host Controller Interface driver
[    1.410616] i8042: PNP: PS/2 Controller [PNP0303:PS2K,PNP0f03:PS2M] at 0x60,0x64 irq 1,12
[    1.412416] serio: i8042 KBD port at 0x60,0x64 irq 1
[    1.413245] serio: i8042 AUX port at 0x60,0x64 irq 12
[    1.414158] mousedev: PS/2 mouse device common for all mice
[    1.415419] rtc_cmos rtc_cmos: rtc core: registered rtc_cmos as rtc0
[    1.416502] input: AT Translated Set 2 keyboard as /devices/platform/i8042/serio0/input/input2
[    1.417949] rtc_cmos rtc_cmos: alarms up to one day, 114 bytes nvram
[    1.418982] i2c /dev entries driver
[    1.419660] device-mapper: uevent: version 1.0.3
[    1.420473] device-mapper: ioctl: 4.34.0-ioctl (2015-10-28) initialised: dm-devel@redhat.com
[    1.421882] ledtrig-cpu: registered to indicate activity on CPUs
[    1.423180] NET: Registered protocol family 10
[    1.424108] NET: Registered protocol family 17
[    1.424852] Key type dns_resolver registered
[    1.425756] microcode: CPU0 sig=0x40651, pf=0x40, revision=0x0
[    1.426783] microcode: CPU1 sig=0x40651, pf=0x40, revision=0x0
[    1.427694] microcode: Microcode Update Driver: v2.01 <tigran@aivazian.fsnet.co.uk>, Peter Oruba
[    1.429204] registered taskstats version 1
[    1.429957] Loading compiled-in X.509 certificates
[    1.438088] Loaded X.509 cert 'Build time autogenerated kernel key: 56603c66c9a77e946feb1e966c217ab15f551179'
[    1.439624] zswap: loaded using pool lzo/zbud
[    1.442163] Key type trusted registered
[    1.449598] Key type encrypted registered
[    1.456042] AppArmor: AppArmor sha1 policy hashing enabled
[    1.456890] ima: No TPM chip found, activating TPM-bypass!
[    1.457784] evm: HMAC attrs: 0x1
[    1.458674]   Magic number: 12:59:55
[    1.459407] rtc_cmos rtc_cmos: setting system clock to 2016-12-04 02:03:17 UTC (1480816997)
[    1.460904] BIOS EDD facility v0.16 2004-Jun-25, 0 devices found
[    1.461813] EDD information not available.
[    1.554285] Freeing unused kernel memory: 1480K (ffffffff81f43000 - ffffffff820b5000)
[    1.666292] Write protecting the kernel read-only data: 14336k
[    1.687019] Freeing unused kernel memory: 1800K (ffff88000183e000 - ffff880001a00000)
[    1.691770] Freeing unused kernel memory: 140K (ffff880001ddd000 - ffff880001e00000)
Loading, please wait...
starting version[    1.711351] random: systemd-udevd: uninitialized urandom read (16 bytes read, 2 bits of entropy available)
 229
[    1.763846] random: systemd-udevd: uninitialized urandom read (16 bytes read, 2 bits of entropy available)
[    1.764784] random: udevadm: uninitialized urandom read (16 bytes read, 2 bits of entropy available)
[    1.764819] random: udevadm: uninitialized urandom read (16 bytes read, 2 bits of entropy available)
[    1.764923] random: udevadm: uninitialized urandom read (16 bytes read, 2 bits of entropy available)
[    1.764960] random: udevadm: uninitialized urandom read (16 bytes read, 2 bits of entropy available)
[    1.765001] random: udevadm: uninitialized urandom read (16 bytes read, 2 bits of entropy available)
[    1.765052] random: udevadm: uninitialized urandom read (16 bytes read, 2 bits of entropy available)
[    1.765091] random: udevadm: uninitialized urandom read (16 bytes read, 2 bits of entropy available)
[    1.765124] random: udevadm: uninitialized urandom read (16 bytes read, 2 bits of entropy available)
[    1.996235] e1000: Intel(R) PRO/1000 Network Driver - version 7.3.21-k8-NAPI
[    2.016784] e1000: Copyright (c) 1999-2006 Intel Corporation.
[    2.020354] Fusion MPT base driver 3.04.20
[    2.026396] Copyright (c) 1999-2008 LSI Corporation
[    2.040056] Fusion MPT SPI Host driver 3.04.20
[    2.062326] AVX version of gcm_enc/dec engaged.
[    2.086350] AES CTR mode by8 optimization enabled
[    2.231562] tsc: Refined TSC clocksource calibration: 2595.695 MHz
[    2.286509] clocksource: tsc: mask: 0xffffffffffffffff max_cycles: 0x256a59819b4, max_idle_ns: 440795267017 ns
[    2.291949] input: ImExPS/2 Generic Explorer Mouse as /devices/platform/i8042/serio1/input/input4
[    2.506815] e1000 0000:00:03.0 eth0: (PCI:33MHz:32-bit) 02:c5:fd:32:ab:30
[    3.326298] e1000 0000:00:03.0 eth0: Intel(R) PRO/1000 Network Connection
[    3.328200] mptbase: ioc0: Initiating bringup
[    3.358985] e1000 0000:00:03.0 enp0s3: renamed from eth0
[    3.426084] ioc0: LSI53C1030 A0: Capabilities={Initiator}
[    4.474336] scsi host2: ioc0: LSI53C1030 A0, FwRev=00000000h, Ports=1, MaxQ=256, IRQ=20
[    5.079086] scsi 2:0:0:0: Direct-Access     VBOX     HARDDISK         1.0  PQ: 0 ANSI: 5
[    5.096600] floppy0: no floppy controllers found
[    5.096633] work still pending
[    5.147167] scsi target2:0:0: Beginning Domain Validation
[    5.149733] scsi target2:0:0: Domain Validation skipping write tests
[    5.150874] scsi target2:0:0: Ending Domain Validation
[    5.151855] scsi target2:0:0: asynchronous
[    5.162617] scsi 2:0:1:0: Direct-Access     VBOX     HARDDISK         1.0  PQ: 0 ANSI: 5
[    5.165498] scsi target2:0:1: Beginning Domain Validation
[    5.167864] scsi target2:0:1: Domain Validation skipping write tests
[    5.169209] scsi target2:0:1: Ending Domain Validation
[    5.170211] scsi target2:0:1: asynchronous
[    5.180292] sd 2:0:0:0: [sda] 20971520 512-byte logical blocks: (10.7 GB/10.0 GiB)
[    5.187060] sd 2:0:0:0: Attached scsi generic sg0 type 0
[    5.188212] sd 2:0:1:0: Attached scsi generic sg1 type 0
[    5.188462] sd 2:0:1:0: [sdb] 20480 512-byte logical blocks: (10.5 MB/10.0 MiB)
[    5.188603] sd 2:0:1:0: [sdb] Write Protect is off
[    5.188673] sd 2:0:1:0: [sdb] Incomplete mode parameter data
[    5.188674] sd 2:0:1:0: [sdb] Assuming drive cache: write through
[    5.196654] sd 2:0:0:0: [sda] Write Protect is off
[    5.196765] sd 2:0:0:0: [sda] Incomplete mode parameter data
[    5.196766] sd 2:0:0:0: [sda] Assuming drive cache: write through
[    5.223246]  sda: sda1
[    5.223772] sd 2:0:0:0: [sda] Attached SCSI disk
[    5.245391] sd 2:0:1:0: [sdb] Attached SCSI disk
Begin: Loading e[    6.706633] md: linear personality registered for level -1
ssential drivers[    6.822285] md: multipath personality registered for level -4
 ... [    6.826965] md: raid0 personality registered for level 0
[    6.935094] md: raid1 personality registered for level 1
[    7.100551] raid6: sse2x1   gen()  8486 MB/s
[    7.172544] raid6: sse2x1   xor()  7399 MB/s
[    7.244547] raid6: sse2x2   gen() 12214 MB/s
[    7.312541] raid6: sse2x2   xor()  8155 MB/s
[    7.380545] raid6: sse2x4   gen() 13911 MB/s
[    7.452545] raid6: sse2x4   xor()  9805 MB/s
[    7.456313] raid6: using algorithm sse2x4 gen() 13911 MB/s
[    7.457241] raid6: .... xor() 9805 MB/s, rmw enabled
[    7.458060] raid6: using ssse3x2 recovery algorithm
[    7.460465] xor: automatically using best checksumming function:
[    7.717109]    avx       : 37598.000 MB/sec
[    7.807408] async_tx: api initialized (async)
[    7.938299] md: raid6 personality registered for level 6
[    8.090001] md: raid5 personality registered for level 5
[    8.106651] md: raid4 personality registered for level 4
[    8.113053] md: raid10 personality registered for level 10
done.
Begin: Running /scripts/init-premount ... done.
Begin: Mounting root file system ... Begin: Running /scripts/local-top ... done.
Begin: Running /scripts/local-premount ... [    8.187838] Btrfs loaded
Scanning for Btrfs filesystems
done.
Warning: fsck not present, so skipping root file system
[    8.293929] EXT4-fs (sda1): mounted filesystem with ordered data mode. Opts: (null)
done.
Begin: Running /scripts/local-bottom ... done.
Begin: Running /scripts/init-bottom ... Warning: overlayroot: debug is busted
done.
[    9.078280] random: nonblocking pool is initialized
[    9.480097] systemd[1]: systemd 229 running in system mode. (+PAM +AUDIT +SELINUX +IMA +APPARMOR +SMACK +SYSVINIT +UTMP +LIBCRYPTSETUP +GCRYPT +GNUTLS +ACL +XZ -LZ4 +SECCOMP +BLKIDELTI +ODID
[    9.970570] systemd[1]: Detected virtualization oracle.
[   10.123199] systemd[1]: Detected architecture x86-64.

Welcome to [1mUbuntu 16.04.1 LTS[0m!

[   10.293789] systemd[1]: Set hostname to <ubuntu-xenial>.
[   12.305233] systemd[1]: Listening on Syslog Socket.
[[0;32m  OK  [0m] Listening on Syslog Socket.
[   12.354649] systemd[1]: Listening on Device-mapper event daemon FIFOs.
[[0;32m  OK  [0m] Listening on Device-mapper event daemon FIFOs.
[   12.356996] systemd[1]: Listening on LVM2 metadata daemon socket.
[[0;32m  OK  [0m] Listening on LVM2 metadata daemon socket.
[   12.359182] systemd[1]: Listening on /dev/initctl Compatibility Named Pipe.
[[0;32m  OK  [0m] Listening on /dev/initctl Compatibility Named Pipe.
[   12.398215] systemd[1]: Reached target Swap.
[[0;32m  OK  [0m] Reached target Swap.
[   12.400133] systemd[1]: Set up automount Arbitrary Executable File Formats File System Automount Point.
[[0;32m  OK  [0m] Set up automount Arbitrary Executab...ats File System Automount Point.
[   12.402875] systemd[1]: Listening on Journal Socket (/dev/log).
[[0;32m  OK  [0m] Listening on Journal Socket (/dev/log).
[   12.404789] systemd[1]: Listening on udev Kernel Socket.
[[0;32m  OK  [0m] Listening on udev Kernel Socket.
[   12.406797] systemd[1]: Created slice System Slice.
[[0;32m  OK  [0m] Created slice System Slice.
[   12.408487] systemd[1]: Reached target User and Group Name Lookups.
[[0;32m  OK  [0m] Reached target User and Group Name Lookups.
[   12.413289] systemd[1]: Created slice system-serial\x2dgetty.slice.
[[0;32m  OK  [0m] Created slice system-serial\x2dgetty.slice.
[   12.415480] systemd[1]: Listening on LVM2 poll daemon socket.
[[0;32m  OK  [0m] Listening on LVM2 poll daemon socket.
[   12.417406] systemd[1]: Listening on Journal Socket.
[[0;32m  OK  [0m] Listening on Journal Socket.
[   12.432693] systemd[1]: Mounting POSIX Message Queue File System...
         Mounting POSIX Message Queue File System...
[   12.435763] systemd[1]: Starting Create list of required static device nodes for the current kernel...
         Starting Create list of required st... nodes for the current kernel...
[   12.512845] systemd[1]: Starting Load Kernel Modules...
         Starting Load Kernel Modules...
[   12.684214] systemd[1]: Listening on Journal Audit Socket.
[[0;32m  OK  [0m] Listening on Journal Audit Socket.
[   12.859458] systemd[1]: Started Forward Password Requests to Wall Directory Watch.
[[0;32m  OK  [0m] Started Forward Password Requests to Wall Directory Watch.
[   12.862168] systemd[1]: Reached target Encrypted Volumes.
[[0;32m  OK  [0m] Reached target Encrypted Volumes.
[   12.876827] systemd[1]: Starting Uncomplicated firewall...
         Starting Uncomplicated firewall...
[   13.669243] systemd[1]: Created slice User and Session Slice.
[   13.166535] Loading iSCSI transport class v2.0-870.
[[0;32m  OK  [0m] Created slice User and Session Slice.
[   13.357174] iscsi: registered transport (tcp)
[   13.993010] systemd[1]: Starting Set console keymap...
         Starting Set console keymap...
[   14.000537] systemd[1]: Starting Monitoring of LVM2 mirrors, snapshots etc. using dmeventd or progress polling...
         Starting Monitoring of LVM2 mirrors... dmeventd or progress polling...
[   14.008856] systemd[1]: Mounting Huge Pages File System...
         Mounting Huge Pages File System...
[   14.013504] systemd[1]: Starting Nameserver information manager...
         Starting Nameserver information manager...
[   14.018589] systemd[1]: Listening on udev Control Socket.
[[0;32m  OK  [0m] Listening on udev Control Socket.
[   14.021946] systemd[1]: Reached target Slices.
[[0;32m  OK  [0m] Reached target Slices.
[   14.026778] systemd[1]: Starting Journal Service...
         Starting Journal Service...
[   14.033270] systemd[1]: Starting Remount Root and Kernel File Systems...
         Starting Remount Root and Kernel File Systems...
[   14.040621] systemd[1]: Mounting Debug File System...
         Mounting Debug File System...
[   14.045175] systemd[1]: Mounted Huge Pages File System.
[[0;32m  OK  [0m] Mounted Huge Pages File System.
[   14.058527] systemd[1]: Mounted Debug File System.
[[0;32m  OK  [0m] Mounted Debug File System.
[   14.061222] systemd[1]: Mounted POSIX Message Queue File System.
[[0;32m  OK  [0m] Mounted POSIX Message Queue File System.
[   14.068751] systemd[1]: Started Create list of required static device nodes for the current kernel.
[[0;32m  OK  [0m] Started Create list of required sta...ce nodes for the current kernel.
[   14.080383] systemd[1]: Started Uncomplicated firewall.
[[0;32m  OK  [0m] Started Uncomplicated firewall.
[   14.115839] systemd[1]: Starting Create Static Device Nodes in /dev...
         Starting Create Static Device Nodes in /dev...
[   14.152739] systemd[1]: Started Nameserver information manager.
[[0;32m  OK  [0m] Started Nameserver information manager.
[   14.204564] EXT4-fs (sda1): re-mounted. Opts: (null)
[   14.217693] systemd[1]: Started Remount Root and Kernel File Systems.
[[0;32m  OK  [0m] Started Remount Root and Kernel File Systems.
[   14.232814] systemd[1]: Starting Load/Save Random Seed...
         Starting Load/Save Random Seed...
[   14.245082] systemd[1]: Starting Initial cloud-init job (pre-networking)...
         Starting Initial cloud-init job (pre-networking)...
[   14.304814] systemd[1]: Starting udev Coldplug all Devices...
         Starting udev Coldplug all Devices...
[   14.532838] systemd[1]: Started LVM2 metadata daemon.
[[0;32m  OK  [0m] Started LVM2 metadata daemon.
[   14.749690] systemd[1]: Started Set console keymap.
[[0;32m  OK  [0m] Started Set console keymap.
[   14.801446] systemd[1]: Started udev Coldplug all Devices.
[[0;32m  OK  [0m] Started udev Coldplug all Devices.
[   14.835747] systemd[1]: Started Load/Save Random Seed.
[[0;32m  OK  [[   14.882512] iscsi: registered transport (iser)
0m] Started Load/Save Random Seed.
[   15.045436] systemd[1]: Started Load Kernel Modules.
[[0;32m  OK  [0m] Started Load Kernel Modules.
[   15.148474] systemd[1]: Started Journal Service.
[[0;32m  OK  [0m] Started Journal Service.
         Starting Flush Journal to Persistent Storage...
         Mounting FUSE Control File System...
         Starting Apply Kernel Variables...
[[0;32m  OK  [0m] Mounted FUSE Control File System.
[   15.427236] systemd-journald[429]: Received request to flush runtime journal from PID 1
[[0;32m  OK  [0m] Started Flush Journal to Persistent Storage.
[[0;32m  OK  [0m] Started Monitoring of LVM2 mirrors,...ng dmeventd or progress polling.
[[0;32m  OK  [0m] Started Apply Kernel Variables.
[[0;32m  OK  [0m] Started Create Static Device Nodes in /dev.
         Starting udev Kernel Device Manager...
[[0;32m  OK  [0m] Started udev Kernel Device Manager.
[[0;32m  OK  [0m] Started Dispatch Password Requests to Console Directory Watch.
[[0;32m  OK  [0m] Reached target Local File Systems (Pre).
[[0;32m  OK  [0m] Reached target Local File Systems.
         Starting Tell Plymouth To Write Out Runtime Data...
         Starting LSB: AppArmor initialization...
         Starting Create Volatile Files and Directories...
         Starting Run snappy firstboot setup...
         Starting Set console font and keymap...
[[0;32m  OK  [0m] Started Tell Plymouth To Write Out Runtime Data.
[[0;32m  OK  [0m] Started Create Volatile Files and Directories.
[[0;32m  OK  [0m] Reached target System Time Synchronized.
         Starting Update UTMP about System Boot/Shutdown...
[[0;32m  OK  [0m] Found device /dev/ttyS0.
[[0;32m  OK  [0m] Listening on Load/Save RF Kill Switch Status /dev/rfkill Watch.
[[0;32m  OK  [0m] Started Update UTMP about System Boot/Shutdown.
[[0;32m  OK  [0m] Found device 82540EM Gigabit Ethern...r (PRO/1000 MT Desktop Adapter).
[[0;32m  OK  [0m] Started Set console font and keymap.
[[0;32m  OK  [0m] Created slice system-getty.slice.
[[0;32m  OK  [0m] Started LSB: AppArmor initialization.
[[0;32m  OK  [0m] Started Run snappy firstboot setup.
[   48.124496] cloud-init[456]: Cloud-init v. 0.7.8 running 'init-local' at Sun, 04 Dec 2016 02:03:39 +0000. Up 23.08 seconds.
[[0;32m  OK  [0m] Started Initial cloud-init job (pre-networking).
[[0;32m  OK  [0m] Reached target Network (Pre).
         Starting Raise network interfaces...
[[0;32m  OK  [0m] Started ifup for enp0s3.
[[0;32m  OK  [0m] Started Raise network interfaces.
         Starting Initial cloud-init job (metadata service crawler)...
[[0;32m  OK  [0m] Reached target Network.
[   49.453373] cloud-init[970]: Cloud-init v. 0.7.8 running 'init' at Sun, 04 Dec 2016 02:04:05 +0000. Up 48.72 seconds.
[   49.496177] cloud-init[970]: ci-info: +++++++++++++++++++++++++++++++++++++Net device info++++++++++++++++++++++++++++++++++++++
[   49.496518] cloud-init[970]: ci-info: +--------+------+----------------------------+---------------+-------+-------------------+
[   49.496780] cloud-init[970]: ci-info: | Device |  Up  |          Address           |      Mask     | Scope |     Hw-Address    |
[   49.496927] cloud-init[970]: ci-info: +--------+------+----------------------------+---------------+-------+-------------------+
[   49.497071] cloud-init[970]: ci-info: | enp0s3 | True |         10.0.2.15          | 255.255.255.0 |   .   | 02:c5:fd:32:ab:30 |
[   49.497226] cloud-init[970]: ci-info: | enp0s3 | True | fe80::c5:fdff:fe32:ab30/64 |       .       |  link | 02:c5:fd:32:ab:30 |
[   49.497361] cloud-init[970]: ci-info: |   lo   | True |         127.0.0.1          |   255.0.0.0   |   .   |         .         |
[   49.497505] cloud-init[970]: ci-info: |   lo   | True |          ::1/128           |       .       |  host |         .         |
[   49.497796] cloud-init[970]: ci-info: +--------+------+----------------------------+---------------+-------+-------------------+
[   49.497940] cloud-init[970]: ci-info: +++++++++++++++++++++++++++Route IPv4 info++++++++++++++++++++++++++++
[   49.498086] cloud-init[970]: ci-info: +-------+-------------+----------+---------------+-----------+-------+
[   49.498233] cloud-init[970]: ci-info: | Route | Destination | Gateway  |    Genmask    | Interface | Flags |
[   49.498376] cloud-init[970]: ci-info: +-------+-------------+----------+---------------+-----------+-------+
[   49.498528] cloud-init[970]: ci-info: |   0   |   0.0.0.0   | 10.0.2.2 |    0.0.0.0    |   enp0s3  |   UG  |
[[0;32m  OK  [0m] Started Initial cloud-init job (metadata service crawler).
[   49.498861] cloud-init[970]: ci-info: |   1   |   10.0.2.0  | 0.0.0.0  | 255.255.255.0 |   enp0s3  |   U   |
[   49.738903] cloud-init[970]: ci-info: +-------+-------------+----------+---------------+-----------+-------+
[[0;32m  OK  [0m] Reached target System Initialization.
[[0;32m  OK  [0m] Started ACPI Events Check.
[[0;32m  OK  [0m] Listening on UUID daemon activation socket.
[[0;32m  OK  [0m] Started Trigger resolvconf update for networkd DNS.
[[0;32m  OK  [0m] Reached target Paths.
[[0;32m  OK  [0m] Listening on D-Bus System Message Bus Socket.
[[0;32m  OK  [0m] Listening on ACPID Listen Socket.
         Starting LXD - unix socket.
         Starting Socket activation for snappy daemon.
[[0;32m  OK  [0m] Started Daily Cleanup of Temporary Directories.
[[0;32m  OK  [0m] Started Daily apt activities.
[[0;32m  OK  [0m] Started Timer to automatically refresh installed snaps.
[[0;32m  OK  [0m] Reached target Timers.
[[0;32m  OK  [0m] Reached target Cloud-config availability.
[[0;32m  OK  [0m] Reached target Network is Online.
         Starting iSCSI initiator daemon (iscsid)...
[[0;32m  OK  [0m] Listening on LXD - unix socket.
[[0;32m  OK  [0m] Listening on Socket activation for snappy daemon.
[[0;32m  OK  [0m] Reached target Sockets.
[[0;32m  OK  [0m] Reached target Basic System.
[[0;32m  OK  [0m] Started ACPI event daemon.
         Starting Accounts Service...
         Starting LSB: MD monitoring daemon...
         Starting LXD - container startup/shutdown...
         Starting LSB: Record successful boot for GRUB...
         Starting System Logging Service...
[[0;32m  OK  [0m] Started Regular background program processing daemon.
[[0;32m  OK  [0m] Started FUSE filesystem for LXC.
         Starting OpenBSD Secure Shell server...
         Starting Apply the settings specified in cloud-config...
         Starting Login Service...
[[0;32m  OK  [0m] Started Snappy daemon.
[[0;32m  OK  [0m] Started D-Bus System Message Bus.
[   50.913839] cloud-init[1038]: Cloud-init v. 0.7.8 running 'modules:config' at Sun, 04 Dec 2016 02:04:07 +0000. Up 50.37 seconds.
[[0;32m  OK  [0m] Started Deferred execution scheduler.
         Starting /etc/rc.local Compatibility...
[[0;32m  OK  [0m] Started System Logging Service.
[[0;32m  OK  [0m] Started OpenBSD Secure Shell server.
[[0;32m  OK  [0m] Started Apply the settings specified in cloud-config.
[[0;32m  OK  [0m] Started /etc/rc.local Compatibility.
[[0;32m  OK  [0m] Started Login Service.
[[0;32m  OK  [0m] Started iSCSI initiator daemon (iscsid).
         Starting Login to default iSCSI targets...
[[0;32m  OK  [0m] Started Login to default iSCSI targets.
[[0;32m  OK  [0m] Reached target Remote File Systems (Pre).
[[0;32m  OK  [0m] Reached target Remote File Systems.
         Starting LSB: daemon to balance interrupts for SMP systems...
         Starting LSB: VirtualBox Linux Additions...
         Starting Permit User Sessions...
         Starting LSB: Set the CPU Frequency Scaling governor to "ondemand"...
         Starting LSB: automatic crash report generation...
[[0;32m  OK  [0m] Started LSB: Record successful boot for GRUB.
         Starting Authenticate and Authorize Users to Run Privileged Tasks...
[[0;32m  OK  [0m] Started LSB: MD monitoring daemon.
[[0;32m  OK  [0m] Started Permit User Sessions.
[[0;32m  OK  [0m] Started LSB: Set the CPU Frequency Scaling governor to "ondemand".
         Starting Hold until boot process finishes up...
         Starting Terminate Plymouth Boot Screen...
[[0;32m  OK  [0m] Started LSB: daemon to balance interrupts for SMP systems.
[[0;32m  OK  [0m] Started Hold until boot process finishes up.
[[0;32m  OK  [0m] Started Getty on tty1.
         Starting Set console scheme...
[[0;32m  OK  [0m] Started Serial Getty on ttyS0.
[[0;32m  OK  [0m] Reached target Login Prompts.
[[0;32m  OK  [0m] Started Terminate Plymouth Boot Screen.
[[0;32m  OK  [0m] Started Set console scheme.
[[0;32m  OK  [0m] Started LSB: automatic crash report generation.
[[0;32m  OK  [0m] Started Authenticate and Authorize Users to Run Privileged Tasks.
[[0;32m  OK  [0m] Started Accounts Service.
[[0;32m  OK  [0m] Started LSB: VirtualBox Linux Additions.
[[0;32m  OK  [0m] Started LXD - container startup/shutdown.
[[0;32m  OK  [0m] Reached target Multi-User System.
         Starting Notify bootloader that boot was successful...
[[0;32m  OK  [0m] Reached target Graphical Interface.
         Starting Update UTMP about System Runlevel Changes...
         Starting Execute cloud user/final scripts...
[[0;32m  OK  [0m] Started Notify bootloader that boot was successful.
[[0;32m  OK  [0m] Started Update UTMP about System Runlevel Changes.
[   54.952474] cloud-init[1196]: Cloud-init v. 0.7.8 running 'modules:final' at Sun, 04 Dec 2016 02:04:11 +0000. Up 54.76 seconds.
[   55.001481] cloud-init[1196]: Cloud-init v. 0.7.8 finished at Sun, 04 Dec 2016 02:04:11 +0000. Datasource DataSourceNoCloud [seed=/dev/sdb][dsmode=net].  Up 54.94 seconds
[[0;32m  OK  [0m] Started Execute cloud user/final scripts.
[[0;32m  OK  [0m] Reached target Cloud-init target.

Ubuntu 16.04.1 LTS ubuntu-xenial ttyS0

ubuntu-xenial login: 